<?xml version="1.0" encoding="UTF-8"?>
<testsuite name="com.example.prueba2.smokeTest.SignupTest" tests="2" skipped="0" failures="0" errors="0" timestamp="2022-04-26T14:00:54" hostname="jjtena-UX430UAR" time="0.002">
  <properties/>
  <testcase name="registerExistingUser" classname="com.example.prueba2.smokeTest.SignupTest" time="0.002"/>
  <testcase name="registerNewUser" classname="com.example.prueba2.smokeTest.SignupTest" time="0.0"/>
  <system-out><![CDATA[]]></system-out>
  <system-err><![CDATA[]]></system-err>
</testsuite>
