<?xml version="1.0" encoding="UTF-8"?>
<testsuite name="com.example.prueba2.tdd.LogoutTest" tests="2" skipped="0" failures="0" errors="0" timestamp="2022-04-28T12:07:30" hostname="jjtena-UX430UAR" time="0.005">
  <properties/>
  <testcase name="logoutRegisteredUser" classname="com.example.prueba2.tdd.LogoutTest" time="0.004"/>
  <testcase name="logoutNonRegisteredUser" classname="com.example.prueba2.tdd.LogoutTest" time="0.0"/>
  <system-out><![CDATA[]]></system-out>
  <system-err><![CDATA[]]></system-err>
</testsuite>
